<?xml version="1.0" encoding="UTF-8"?>
<!-- Generated by org.testng.reporters.JUnitXMLReporter -->
<testsuite ignored="0" hostname="DESKTOP-L3DL62K" failures="0" tests="3" name="Test Case" time="0.141" errors="0" timestamp="2025-07-22T19:36:13 IST">
  <testcase classname="playground.SuperOne" name="caseOne" time="0.019"/>
  <testcase classname="playground.SuperOne" name="caseThree" time="0.005"/>
  <testcase classname="playground.SuperOne" name="caseTwo" time="0.004"/>
</testsuite> <!-- Test Case -->
